# JRE version: OpenJDK Runtime Environment (8.0_131-b11) (build 1.8.0_131-8u131-b11-1~bpo8+1-b11)
# Java VM: OpenJDK 64-Bit Server VM (25.131-b11 mixed mode linux-amd64 compressed oops)
Heap:
 PSYoungGen      total 538624K, used 32743K [0x0000000720000000, 0x0000000742e80000, 0x00000007c0000000)
  eden space 505856K, 0% used [0x0000000720000000,0x0000000720000000,0x000000073ee00000)
  from space 32768K, 99% used [0x000000073ee80000,0x0000000740e79c90,0x0000000740e80000)
  to   space 24064K, 0% used [0x0000000741700000,0x0000000741700000,0x0000000742e80000)
 ParOldGen       total 424960K, used 139599K [0x00000005e0000000, 0x00000005f9f00000, 0x0000000720000000)
  object space 424960K, 32% used [0x00000005e0000000,0x00000005e8853d40,0x00000005f9f00000)
 Metaspace       used 70950K, capacity 71446K, committed 71768K, reserved 1112064K
  class space    used 9371K, capacity 9536K, committed 9600K, reserved 1048576K
GC Heap History (10 events):
Event: 3.625 GC heap after
Heap after GC invocations=5 (full 1):
 PSYoungGen      total 382464K, used 6218K [0x0000000720000000, 0x0000000739680000, 0x00000007c0000000)
  eden space 362496K, 0% used [0x0000000720000000,0x0000000720000000,0x0000000736200000)
  from space 19968K, 31% used [0x0000000737580000,0x0000000737b92a90,0x0000000738900000)
  to   space 19968K, 0% used [0x0000000736200000,0x0000000736200000,0x0000000737580000)
 ParOldGen       total 195584K, used 9202K [0x00000005e0000000, 0x00000005ebf00000, 0x0000000720000000)
  object space 195584K, 4% used [0x00000005e0000000,0x00000005e08fcb58,0x00000005ebf00000)
 Metaspace       used 35022K, capacity 35290K, committed 35456K, reserved 1079296K
  class space    used 4610K, capacity 4700K, committed 4736K, reserved 1048576K
}
Event: 3.625 GC heap before
{Heap before GC invocations=6 (full 2):
 PSYoungGen      total 382464K, used 6218K [0x0000000720000000, 0x0000000739680000, 0x00000007c0000000)
  eden space 362496K, 0% used [0x0000000720000000,0x0000000720000000,0x0000000736200000)
  from space 19968K, 31% used [0x0000000737580000,0x0000000737b92a90,0x0000000738900000)
  to   space 19968K, 0% used [0x0000000736200000,0x0000000736200000,0x0000000737580000)
 ParOldGen       total 195584K, used 9202K [0x00000005e0000000, 0x00000005ebf00000, 0x0000000720000000)
  object space 195584K, 4% used [0x00000005e0000000,0x00000005e08fcb58,0x00000005ebf00000)
 Metaspace       used 35022K, capacity 35290K, committed 35456K, reserved 1079296K
  class space    used 4610K, capacity 4700K, committed 4736K, reserved 1048576K
Event: 3.677 GC heap after
Heap after GC invocations=6 (full 2):
 PSYoungGen      total 382464K, used 0K [0x0000000720000000, 0x0000000739680000, 0x00000007c0000000)
  eden space 362496K, 0% used [0x0000000720000000,0x0000000720000000,0x0000000736200000)
  from space 19968K, 0% used [0x0000000737580000,0x0000000737580000,0x0000000738900000)
  to   space 19968K, 0% used [0x0000000736200000,0x0000000736200000,0x0000000737580000)
 ParOldGen       total 293888K, used 11019K [0x00000005e0000000, 0x00000005f1f00000, 0x0000000720000000)
  object space 293888K, 3% used [0x00000005e0000000,0x00000005e0ac2e88,0x00000005f1f00000)
 Metaspace       used 35022K, capacity 35290K, committed 35456K, reserved 1079296K
  class space    used 4610K, capacity 4700K, committed 4736K, reserved 1048576K
}
Event: 5.603 GC heap before
{Heap before GC invocations=7 (full 2):
 PSYoungGen      total 382464K, used 362496K [0x0000000720000000, 0x0000000739680000, 0x00000007c0000000)
  eden space 362496K, 100% used [0x0000000720000000,0x0000000736200000,0x0000000736200000)
  from space 19968K, 0% used [0x0000000737580000,0x0000000737580000,0x0000000738900000)
  to   space 19968K, 0% used [0x0000000736200000,0x0000000736200000,0x0000000737580000)
 ParOldGen       total 293888K, used 11019K [0x00000005e0000000, 0x00000005f1f00000, 0x0000000720000000)
  object space 293888K, 3% used [0x00000005e0000000,0x00000005e0ac2e88,0x00000005f1f00000)
 Metaspace       used 51280K, capacity 51632K, committed 51840K, reserved 1093632K
  class space    used 6877K, capacity 7009K, committed 7040K, reserved 1048576K
Event: 5.623 GC heap after
Heap after GC invocations=7 (full 2):
 PSYoungGen      total 382464K, used 19951K [0x0000000720000000, 0x0000000742e80000, 0x00000007c0000000)
  eden space 362496K, 0% used [0x0000000720000000,0x0000000720000000,0x0000000736200000)
  from space 19968K, 99% used [0x0000000736200000,0x000000073757be58,0x0000000737580000)
  to   space 24064K, 0% used [0x0000000741700000,0x0000000741700000,0x0000000742e80000)
 ParOldGen       total 293888K, used 14579K [0x00000005e0000000, 0x00000005f1f00000, 0x0000000720000000)
  object space 293888K, 4% used [0x00000005e0000000,0x00000005e0e3cea0,0x00000005f1f00000)
 Metaspace       used 51280K, capacity 51632K, committed 51840K, reserved 1093632K
  class space    used 6877K, capacity 7009K, committed 7040K, reserved 1048576K
}
Event: 10.343 GC heap before
{Heap before GC invocations=8 (full 2):
 PSYoungGen      total 382464K, used 175997K [0x0000000720000000, 0x0000000742e80000, 0x00000007c0000000)
  eden space 362496K, 43% used [0x0000000720000000,0x0000000729863678,0x0000000736200000)
  from space 19968K, 99% used [0x0000000736200000,0x000000073757be58,0x0000000737580000)
  to   space 24064K, 0% used [0x0000000741700000,0x0000000741700000,0x0000000742e80000)
 ParOldGen       total 293888K, used 14579K [0x00000005e0000000, 0x00000005f1f00000, 0x0000000720000000)
  object space 293888K, 4% used [0x00000005e0000000,0x00000005e0e3cea0,0x00000005f1f00000)
 Metaspace       used 58474K, capacity 58876K, committed 59096K, reserved 1099776K
  class space    used 7821K, capacity 7933K, committed 7936K, reserved 1048576K
Event: 10.369 GC heap after
Heap after GC invocations=8 (full 2):
 PSYoungGen      total 529920K, used 24040K [0x0000000720000000, 0x0000000742e80000, 0x00000007c0000000)
  eden space 505856K, 0% used [0x0000000720000000,0x0000000720000000,0x000000073ee00000)
  from space 24064K, 99% used [0x0000000741700000,0x0000000742e7a008,0x0000000742e80000)
  to   space 32768K, 0% used [0x000000073ee80000,0x000000073ee80000,0x0000000740e80000)
 ParOldGen       total 293888K, used 21419K [0x00000005e0000000, 0x00000005f1f00000, 0x0000000720000000)
  object space 293888K, 7% used [0x00000005e0000000,0x00000005e14eaf80,0x00000005f1f00000)
 Metaspace       used 58474K, capacity 58876K, committed 59096K, reserved 1099776K
  class space    used 7821K, capacity 7933K, committed 7936K, reserved 1048576K
}
Event: 10.369 GC heap before
{Heap before GC invocations=9 (full 3):
 PSYoungGen      total 529920K, used 24040K [0x0000000720000000, 0x0000000742e80000, 0x00000007c0000000)
  eden space 505856K, 0% used [0x0000000720000000,0x0000000720000000,0x000000073ee00000)
  from space 24064K, 99% used [0x0000000741700000,0x0000000742e7a008,0x0000000742e80000)
  to   space 32768K, 0% used [0x000000073ee80000,0x000000073ee80000,0x0000000740e80000)
 ParOldGen       total 293888K, used 21419K [0x00000005e0000000, 0x00000005f1f00000, 0x0000000720000000)
  object space 293888K, 7% used [0x00000005e0000000,0x00000005e14eaf80,0x00000005f1f00000)
 Metaspace       used 58474K, capacity 58876K, committed 59096K, reserved 1099776K
  class space    used 7821K, capacity 7933K, committed 7936K, reserved 1048576K
Event: 10.479 GC heap after
Heap after GC invocations=9 (full 3):
 PSYoungGen      total 529920K, used 0K [0x0000000720000000, 0x0000000742e80000, 0x00000007c0000000)
  eden space 505856K, 0% used [0x0000000720000000,0x0000000720000000,0x000000073ee00000)
  from space 24064K, 0% used [0x0000000741700000,0x0000000741700000,0x0000000742e80000)
  to   space 32768K, 0% used [0x000000073ee80000,0x000000073ee80000,0x0000000740e80000)
 ParOldGen       total 424960K, used 38685K [0x00000005e0000000, 0x00000005f9f00000, 0x0000000720000000)
  object space 424960K, 9% used [0x00000005e0000000,0x00000005e25c75a8,0x00000005f9f00000)
 Metaspace       used 58474K, capacity 58876K, committed 59096K, reserved 1099776K
  class space    used 7821K, capacity 7933K, committed 7936K, reserved 1048576K
}
Event: 1909.659 GC heap before
{Heap before GC invocations=10 (full 3):
 PSYoungGen      total 529920K, used 465561K [0x0000000720000000, 0x0000000742e80000, 0x00000007c0000000)
  eden space 505856K, 92% used [0x0000000720000000,0x000000073c6a6598,0x000000073ee00000)
  from space 24064K, 0% used [0x0000000741700000,0x0000000741700000,0x0000000742e80000)
  to   space 32768K, 0% used [0x000000073ee80000,0x000000073ee80000,0x0000000740e80000)
 ParOldGen       total 424960K, used 38685K [0x00000005e0000000, 0x00000005f9f00000, 0x0000000720000000)
  object space 424960K, 9% used [0x00000005e0000000,0x00000005e25c75a8,0x00000005f9f00000)
 Metaspace       used 70950K, capacity 71446K, committed 71768K, reserved 1112064K
  class space    used 9371K, capacity 9536K, committed 9600K, reserved 1048576K

